<html>
<head>
<title>TestNG:  Test</title>
<link href="../testng.css" rel="stylesheet" type="text/css" />
<link href="../my-testng.css" rel="stylesheet" type="text/css" />

<style type="text/css">
.log { display: none;} 
.stack-trace { display: none;} 
</style>
<script type="text/javascript">
<!--
function flip(e) {
  current = e.style.display;
  if (current == 'block') {
    e.style.display = 'none';
    return 0;
  }
  else {
    e.style.display = 'block';
    return 1;
  }
}

function toggleBox(szDivId, elem, msg1, msg2)
{
  var res = -1;  if (document.getElementById) {
    res = flip(document.getElementById(szDivId));
  }
  else if (document.all) {
    // this is the way old msie versions work
    res = flip(document.all[szDivId]);
  }
  if(elem) {
    if(res == 0) elem.innerHTML = msg1; else elem.innerHTML = msg2;
  }

}

function toggleAllBoxes() {
  if (document.getElementsByTagName) {
    d = document.getElementsByTagName('div');
    for (i = 0; i < d.length; i++) {
      if (d[i].className == 'log') {
        flip(d[i]);
      }
    }
  }
}

// -->
</script>

</head>
<body>
<h2 align='center'>Test</h2><table border='1' align="center">
<tr>
<td>Tests passed/Failed/Skipped:</td><td>7/0/0</td>
</tr><tr>
<td>Started on:</td><td>Thu Jun 08 11:09:02 EEST 2023</td>
</tr>
<tr><td>Total time:</td><td>252 seconds (252926 ms)</td>
</tr><tr>
<td>Included groups:</td><td></td>
</tr><tr>
<td>Excluded groups:</td><td></td>
</tr>
</table><p/>
<small><i>(Hover the method name to see the test class name)</i></small><p/>
<table width='100%' border='1' class='invocation-failed'>
<tr><td colspan='4' align='center'><b>FAILED CONFIGURATIONS</b></td></tr>
<tr><td><b>Test method</b></td>
<td width="30%"><b>Exception</b></td>
<td width="10%"><b>Time (seconds)</b></td>
<td><b>Instance</b></td>
</tr>
<tr>
<td title='TestCase1.afterTest()'><b>afterTest</b><br>Test class: TestCase1</td>
<td><div><pre>java.lang.AssertionError: The following asserts failed:
	expected [https://www.almosafer.com/en] but found [https://www.almosafer.com/ar]
	at TestCase1.afterTest(TestCase1.java:27)
... Removed 24 stack frames</pre></div><a href='#' onClick='toggleBox("stack-trace1189496672", this, "Click to show all stack frames", "Click to hide stack frames")'>Click to show all stack frames</a>
<div class='stack-trace' id='stack-trace1189496672'><pre>java.lang.AssertionError: The following asserts failed:
	expected [https://www.almosafer.com/en] but found [https://www.almosafer.com/ar]
	at org.testng.asserts.SoftAssert.assertAll(SoftAssert.java:47)
	at org.testng.asserts.SoftAssert.assertAll(SoftAssert.java:31)
	at TestCase1.afterTest(TestCase1.java:27)
	at java.base/jdk.internal.reflect.DirectMethodHandleAccessor.invoke(DirectMethodHandleAccessor.java:104)
	at java.base/java.lang.reflect.Method.invoke(Method.java:578)
	at org.testng.internal.MethodInvocationHelper.invokeMethod(MethodInvocationHelper.java:133)
	at org.testng.internal.MethodInvocationHelper.invokeMethodConsideringTimeout(MethodInvocationHelper.java:62)
	at org.testng.internal.ConfigInvoker.invokeConfigurationMethod(ConfigInvoker.java:385)
	at org.testng.internal.ConfigInvoker.invokeConfigurations(ConfigInvoker.java:321)
	at org.testng.TestRunner.invokeTestConfigurations(TestRunner.java:637)
	at org.testng.TestRunner.afterRun(TestRunner.java:877)
	at org.testng.TestRunner.run(TestRunner.java:599)
	at org.testng.SuiteRunner.runTest(SuiteRunner.java:377)
	at org.testng.SuiteRunner.runSequentially(SuiteRunner.java:371)
	at org.testng.SuiteRunner.privateRun(SuiteRunner.java:332)
	at org.testng.SuiteRunner.run(SuiteRunner.java:276)
	at org.testng.SuiteRunnerWorker.runSuite(SuiteRunnerWorker.java:53)
	at org.testng.SuiteRunnerWorker.run(SuiteRunnerWorker.java:96)
	at org.testng.TestNG.runSuitesSequentially(TestNG.java:1212)
	at org.testng.TestNG.runSuitesLocally(TestNG.java:1134)
	at org.testng.TestNG.runSuites(TestNG.java:1063)
	at org.testng.TestNG.run(TestNG.java:1031)
	at org.testng.remote.AbstractRemoteTestNG.run(AbstractRemoteTestNG.java:115)
	at org.testng.remote.RemoteTestNG.initAndRun(RemoteTestNG.java:251)
	at org.testng.remote.RemoteTestNG.main(RemoteTestNG.java:77)
</pre></div></td>
<td>0</td>
<td>TestCase1@6b9c69a9</td></tr>
</table><p>
<table width='100%' border='1' class='invocation-skipped'>
<tr><td colspan='4' align='center'><b>SKIPPED CONFIGURATIONS</b></td></tr>
<tr><td><b>Test method</b></td>
<td width="30%"><b>Exception</b></td>
<td width="10%"><b>Time (seconds)</b></td>
<td><b>Instance</b></td>
</tr>
<tr>
<td title='TestCase4.afterTest()'><b>afterTest</b><br>Test class: TestCase4</td>
<td></td>
<td>-1686211995</td>
<td>TestCase4@4a7761b1</td></tr>
<tr>
<td title='TestCase2.afterTest()'><b>afterTest</b><br>Test class: TestCase2</td>
<td></td>
<td>-1686211995</td>
<td>TestCase2@60baef24</td></tr>
<tr>
<td title='TestCase3.afterTest()'><b>afterTest</b><br>Test class: TestCase3</td>
<td></td>
<td>-1686211995</td>
<td>TestCase3@33abde31</td></tr>
<tr>
<td title='TestCase5.afterTest()'><b>afterTest</b><br>Test class: TestCase5</td>
<td></td>
<td>-1686211995</td>
<td>TestCase5@1436a7ab</td></tr>
<tr>
<td title='TestCase6.afterTest()'><b>afterTest</b><br>Test class: TestCase6</td>
<td></td>
<td>-1686211995</td>
<td>TestCase6@47547132</td></tr>
</table><p>
<table width='100%' border='1' class='invocation-passed'>
<tr><td colspan='4' align='center'><b>PASSED TESTS</b></td></tr>
<tr><td><b>Test method</b></td>
<td width="30%"><b>Exception</b></td>
<td width="10%"><b>Time (seconds)</b></td>
<td><b>Instance</b></td>
</tr>
<tr>
<td title='TestCase5.englishWebsiteTitleTest()'><b>englishWebsiteTitleTest</b><br>Test class: TestCase5</td>
<td></td>
<td>2</td>
<td>TestCase5@1436a7ab</td></tr>
<tr>
<td title='TestCase6.hotelsBookTest()'><b>hotelsBookTest</b><br>Test class: TestCase6</td>
<td></td>
<td>133</td>
<td>TestCase6@47547132</td></tr>
<tr>
<td title='TestCase2.checkTheDefualtCurrency()'><b>checkTheDefualtCurrency</b><br>Test class: TestCase2</td>
<td></td>
<td>5</td>
<td>TestCase2@60baef24</td></tr>
<tr>
<td title='TestCase4.randomWebSiteLanguage()'><b>randomWebSiteLanguage</b><br>Test class: TestCase4</td>
<td></td>
<td>54</td>
<td>TestCase4@4a7761b1</td></tr>
<tr>
<td title='TestCase3.selectCountriesRandomly()'><b>selectCountriesRandomly</b><br>Test class: TestCase3</td>
<td></td>
<td>40</td>
<td>TestCase3@33abde31</td></tr>
<tr>
<td title='TestCase1.checkTheDefualtLanguage()'><b>checkTheDefualtLanguage</b><br>Test class: TestCase1</td>
<td></td>
<td>0</td>
<td>TestCase1@6b9c69a9</td></tr>
<tr>
<td title='TestCase5.arabicWebsiteTitleTest()'><b>arabicWebsiteTitleTest</b><br>Test class: TestCase5</td>
<td></td>
<td>1</td>
<td>TestCase5@1436a7ab</td></tr>
</table><p>
</body>
</html>