<?xml version="1.0" encoding="UTF-8"?>
<!-- Generated by org.testng.reporters.JUnitXMLReporter -->
<testsuite ignored="0" hostname="DESKTOP-9JCE1NT" failures="0" tests="7" name="Test" time="252.926" errors="0" timestamp="2023-06-08T11:13:15 EEST">
  <testcase classname="TestCase1" name="@AfterTest afterTest" time="0.001">
    <failure type="java.lang.AssertionError" message="The following asserts failed:
	expected [https://www.almosafer.com/en] but found [https://www.almosafer.com/ar]">
      <![CDATA[java.lang.AssertionError: The following asserts failed:
expected [https://www.almosafer.com/en] but found [https://www.almosafer.com/ar]
at TestCase1.afterTest(TestCase1.java:27)
... Removed 24 stack frames]]>
    </failure>
  </testcase> <!-- @AfterTest afterTest -->
  <testcase classname="TestCase2" name="@AfterTest afterTest" time="-1.686211995775E9">
    <skipped/>
  </testcase> <!-- @AfterTest afterTest -->
  <testcase classname="TestCase3" name="@AfterTest afterTest" time="-1.686211995776E9">
    <skipped/>
  </testcase> <!-- @AfterTest afterTest -->
  <testcase classname="TestCase4" name="@AfterTest afterTest" time="-1.686211995778E9">
    <skipped/>
  </testcase> <!-- @AfterTest afterTest -->
  <testcase classname="TestCase5" name="@AfterTest afterTest" time="-1.68621199578E9">
    <skipped/>
  </testcase> <!-- @AfterTest afterTest -->
  <testcase classname="TestCase6" name="@AfterTest afterTest" time="-1.686211995781E9">
    <skipped/>
  </testcase> <!-- @AfterTest afterTest -->
  <testcase classname="TestCase1" name="checkTheDefualtLanguage" time="0.021"/>
  <testcase classname="TestCase2" name="checkTheDefualtCurrency" time="5.051"/>
  <testcase classname="TestCase3" name="selectCountriesRandomly" time="40.792"/>
  <testcase classname="TestCase4" name="randomWebSiteLanguage" time="54.097"/>
  <testcase classname="TestCase5" name="englishWebsiteTitleTest" time="2.579"/>
  <testcase classname="TestCase5" name="arabicWebsiteTitleTest" time="1.459"/>
  <testcase classname="TestCase6" name="hotelsBookTest" time="133.939"/>
</testsuite> <!-- Test -->
